Determining if the Q_WS_WIN exist failed with the following output:
Change Dir: /home/guivi/Projects/StereoVision-ADCensus-master/OpenCVBM/build/CMakeFiles/CMakeTmp

Run Build Command:/usr/bin/make "cmTryCompileExec3316245779/fast"
/usr/bin/make -f CMakeFiles/cmTryCompileExec3316245779.dir/build.make CMakeFiles/cmTryCompileExec3316245779.dir/build
make[1]: Entering directory `/home/guivi/Projects/StereoVision-ADCensus-master/OpenCVBM/build/CMakeFiles/CMakeTmp'
/usr/bin/cmake -E cmake_progress_report /home/guivi/Projects/StereoVision-ADCensus-master/OpenCVBM/build/CMakeFiles/CMakeTmp/CMakeFiles 1
Building CXX object CMakeFiles/cmTryCompileExec3316245779.dir/CheckSymbolExists.cxx.o
/usr/bin/c++    -I/usr/include/qt4    -o CMakeFiles/cmTryCompileExec3316245779.dir/CheckSymbolExists.cxx.o -c /home/guivi/Projects/StereoVision-ADCensus-master/OpenCVBM/build/CMakeFiles/CMakeTmp/CheckSymbolExists.cxx
/home/guivi/Projects/StereoVision-ADCensus-master/OpenCVBM/build/CMakeFiles/CMakeTmp/CheckSymbolExists.cxx: In function ‘int main(int, char**)’:
/home/guivi/Projects/StereoVision-ADCensus-master/OpenCVBM/build/CMakeFiles/CMakeTmp/CheckSymbolExists.cxx:8:19: error: ‘Q_WS_WIN’ was not declared in this scope
   return ((int*)(&Q_WS_WIN))[argc];
                   ^
make[1]: *** [CMakeFiles/cmTryCompileExec3316245779.dir/CheckSymbolExists.cxx.o] Error 1
make[1]: Leaving directory `/home/guivi/Projects/StereoVision-ADCensus-master/OpenCVBM/build/CMakeFiles/CMakeTmp'
make: *** [cmTryCompileExec3316245779/fast] Error 2

File /home/guivi/Projects/StereoVision-ADCensus-master/OpenCVBM/build/CMakeFiles/CMakeTmp/CheckSymbolExists.cxx:
/* */
#include <QtCore/qglobal.h>

int main(int argc, char** argv)
{
  (void)argv;
#ifndef Q_WS_WIN
  return ((int*)(&Q_WS_WIN))[argc];
#else
  (void)argc;
  return 0;
#endif
}

Determining if the Q_WS_QWS exist failed with the following output:
Change Dir: /home/guivi/Projects/StereoVision-ADCensus-master/OpenCVBM/build/CMakeFiles/CMakeTmp

Run Build Command:/usr/bin/make "cmTryCompileExec488835487/fast"
/usr/bin/make -f CMakeFiles/cmTryCompileExec488835487.dir/build.make CMakeFiles/cmTryCompileExec488835487.dir/build
make[1]: Entering directory `/home/guivi/Projects/StereoVision-ADCensus-master/OpenCVBM/build/CMakeFiles/CMakeTmp'
/usr/bin/cmake -E cmake_progress_report /home/guivi/Projects/StereoVision-ADCensus-master/OpenCVBM/build/CMakeFiles/CMakeTmp/CMakeFiles 1
Building CXX object CMakeFiles/cmTryCompileExec488835487.dir/CheckSymbolExists.cxx.o
/usr/bin/c++    -I/usr/include/qt4    -o CMakeFiles/cmTryCompileExec488835487.dir/CheckSymbolExists.cxx.o -c /home/guivi/Projects/StereoVision-ADCensus-master/OpenCVBM/build/CMakeFiles/CMakeTmp/CheckSymbolExists.cxx
/home/guivi/Projects/StereoVision-ADCensus-master/OpenCVBM/build/CMakeFiles/CMakeTmp/CheckSymbolExists.cxx: In function ‘int main(int, char**)’:
/home/guivi/Projects/StereoVision-ADCensus-master/OpenCVBM/build/CMakeFiles/CMakeTmp/CheckSymbolExists.cxx:8:19: error: ‘Q_WS_QWS’ was not declared in this scope
   return ((int*)(&Q_WS_QWS))[argc];
                   ^
make[1]: *** [CMakeFiles/cmTryCompileExec488835487.dir/CheckSymbolExists.cxx.o] Error 1
make[1]: Leaving directory `/home/guivi/Projects/StereoVision-ADCensus-master/OpenCVBM/build/CMakeFiles/CMakeTmp'
make: *** [cmTryCompileExec488835487/fast] Error 2

File /home/guivi/Projects/StereoVision-ADCensus-master/OpenCVBM/build/CMakeFiles/CMakeTmp/CheckSymbolExists.cxx:
/* */
#include <QtCore/qglobal.h>

int main(int argc, char** argv)
{
  (void)argv;
#ifndef Q_WS_QWS
  return ((int*)(&Q_WS_QWS))[argc];
#else
  (void)argc;
  return 0;
#endif
}

Determining if the Q_WS_MAC exist failed with the following output:
Change Dir: /home/guivi/Projects/StereoVision-ADCensus-master/OpenCVBM/build/CMakeFiles/CMakeTmp

Run Build Command:/usr/bin/make "cmTryCompileExec2995109381/fast"
/usr/bin/make -f CMakeFiles/cmTryCompileExec2995109381.dir/build.make CMakeFiles/cmTryCompileExec2995109381.dir/build
make[1]: Entering directory `/home/guivi/Projects/StereoVision-ADCensus-master/OpenCVBM/build/CMakeFiles/CMakeTmp'
/usr/bin/cmake -E cmake_progress_report /home/guivi/Projects/StereoVision-ADCensus-master/OpenCVBM/build/CMakeFiles/CMakeTmp/CMakeFiles 1
Building CXX object CMakeFiles/cmTryCompileExec2995109381.dir/CheckSymbolExists.cxx.o
/usr/bin/c++    -I/usr/include/qt4    -o CMakeFiles/cmTryCompileExec2995109381.dir/CheckSymbolExists.cxx.o -c /home/guivi/Projects/StereoVision-ADCensus-master/OpenCVBM/build/CMakeFiles/CMakeTmp/CheckSymbolExists.cxx
/home/guivi/Projects/StereoVision-ADCensus-master/OpenCVBM/build/CMakeFiles/CMakeTmp/CheckSymbolExists.cxx: In function ‘int main(int, char**)’:
/home/guivi/Projects/StereoVision-ADCensus-master/OpenCVBM/build/CMakeFiles/CMakeTmp/CheckSymbolExists.cxx:8:19: error: ‘Q_WS_MAC’ was not declared in this scope
   return ((int*)(&Q_WS_MAC))[argc];
                   ^
make[1]: *** [CMakeFiles/cmTryCompileExec2995109381.dir/CheckSymbolExists.cxx.o] Error 1
make[1]: Leaving directory `/home/guivi/Projects/StereoVision-ADCensus-master/OpenCVBM/build/CMakeFiles/CMakeTmp'
make: *** [cmTryCompileExec2995109381/fast] Error 2

File /home/guivi/Projects/StereoVision-ADCensus-master/OpenCVBM/build/CMakeFiles/CMakeTmp/CheckSymbolExists.cxx:
/* */
#include <QtCore/qglobal.h>

int main(int argc, char** argv)
{
  (void)argv;
#ifndef Q_WS_MAC
  return ((int*)(&Q_WS_MAC))[argc];
#else
  (void)argc;
  return 0;
#endif
}

